<?xml version="1.0" encoding="UTF-8"?>
<testng-results ignored="0" total="1" passed="1" failed="0" skipped="0">
  <reporter-output>
  </reporter-output>
  <suite started-at="2022-11-02T20:50:07 IST" name="Suite1" finished-at="2022-11-02T20:50:16 IST" duration-ms="8964">
    <groups>
    </groups>
    <test started-at="2022-11-02T20:50:07 IST" name="UIAutomationTest" finished-at="2022-11-02T20:50:16 IST" duration-ms="8964">
      <class name="com.example.AppTest">
        <test-method is-config="true" signature="launchApp()[pri:0, instance:com.example.AppTest@636be97c]" started-at="2022-11-02T20:50:07 IST" name="launchApp" finished-at="2022-11-02T20:50:09 IST" duration-ms="2570" status="PASS">
          <reporter-output>
          </reporter-output>
        </test-method> <!-- launchApp -->
        <test-method signature="validateTransactionTest()[pri:0, instance:com.example.AppTest@636be97c]" started-at="2022-11-02T20:50:09 IST" name="validateTransactionTest" finished-at="2022-11-02T20:50:16 IST" duration-ms="6229" status="PASS">
          <reporter-output>
          </reporter-output>
        </test-method> <!-- validateTransactionTest -->
        <test-method is-config="true" signature="terminateTest()[pri:0, instance:com.example.AppTest@636be97c]" started-at="2022-11-02T20:50:16 IST" name="terminateTest" finished-at="2022-11-02T20:50:16 IST" duration-ms="150" status="PASS">
          <reporter-output>
          </reporter-output>
        </test-method> <!-- terminateTest -->
      </class> <!-- com.example.AppTest -->
    </test> <!-- UIAutomationTest -->
  </suite> <!-- Suite1 -->
</testng-results>
